info: ::1 - - [30/Jan/2023:10:35:02 +0000] "GET /api/v1/users/ HTTP/1.1" 200 395 "-" "PostmanRuntime/7.30.0"

info: ::1 - - [30/Jan/2023:10:37:19 +0000] "POST /api/v1/users/register HTTP/1.1" 200 313 "-" "PostmanRuntime/7.30.0"

info: ::1 - - [30/Jan/2023:10:38:38 +0000] "POST /api/v1/users/login HTTP/1.1" 200 149 "-" "PostmanRuntime/7.30.0"

info: ::1 - - [30/Jan/2023:10:44:28 +0000] "POST /api/v1/users/login HTTP/1.1" 200 149 "-" "PostmanRuntime/7.30.0"

info: ::1 - - [30/Jan/2023:10:45:15 +0000] "POST /api/v1/users/login HTTP/1.1" 200 149 "-" "PostmanRuntime/7.30.0"

info: ::1 - - [30/Jan/2023:10:45:22 +0000] "GET /api/v1/users/ HTTP/1.1" 200 648 "-" "PostmanRuntime/7.30.0"

info: ::1 - - [30/Jan/2023:10:45:52 +0000] "POST /api/v1/users/login HTTP/1.1" 200 149 "-" "PostmanRuntime/7.30.0"

info: ::1 - - [30/Jan/2023:11:00:58 +0000] "POST /api/v1/users/login HTTP/1.1" 200 149 "-" "PostmanRuntime/7.30.0"

info: ::1 - - [30/Jan/2023:11:33:53 +0000] "POST /api/v1/users/login HTTP/1.1" 200 194 "-" "PostmanRuntime/7.30.0"

info: ::1 - - [30/Jan/2023:11:47:10 +0000] "POST /api/v1/users/login HTTP/1.1" 200 194 "-" "PostmanRuntime/7.30.0"

info: ::1 - - [30/Jan/2023:11:48:09 +0000] "POST /api/v1/users/login HTTP/1.1" 200 194 "-" "PostmanRuntime/7.30.0"

info: ::1 - - [30/Jan/2023:16:00:58 +0000] "GET /api/v1/ HTTP/1.1" 200 9 "-" "PostmanRuntime/7.30.0"

info: ::1 - - [30/Jan/2023:16:02:16 +0000] "GET /api/v1/:01 HTTP/1.1" 404 47 "-" "PostmanRuntime/7.30.0"

info: ::1 - - [30/Jan/2023:16:02:23 +0000] "GET /api/v1/:1 HTTP/1.1" 404 47 "-" "PostmanRuntime/7.30.0"

info: ::1 - - [30/Jan/2023:16:02:28 +0000] "GET /api/v1/ HTTP/1.1" 200 9 "-" "PostmanRuntime/7.30.0"

info: ::1 - - [30/Jan/2023:16:18:40 +0000] "GET /api/v1/_id HTTP/1.1" 404 47 "-" "PostmanRuntime/7.30.0"

info: ::1 - - [30/Jan/2023:17:39:06 +0000] "GET /api/v1/notes HTTP/1.1" 400 56 "-" "PostmanRuntime/7.30.0"

info: ::1 - - [30/Jan/2023:17:40:37 +0000] "POST /api/v1/users/register HTTP/1.1" 500 56 "-" "PostmanRuntime/7.30.0"

info: ::1 - - [30/Jan/2023:17:41:33 +0000] "POST /api/v1/users/register HTTP/1.1" 200 321 "-" "PostmanRuntime/7.30.0"

info: ::1 - - [30/Jan/2023:17:42:02 +0000] "POST /api/v1/users/login HTTP/1.1" 200 201 "-" "PostmanRuntime/7.30.0"

info: ::1 - - [30/Jan/2023:17:44:21 +0000] "POST /api/v1/notes/ HTTP/1.1" 500 86 "-" "PostmanRuntime/7.30.0"

info: ::1 - - [30/Jan/2023:17:44:35 +0000] "POST /api/v1/notes/ HTTP/1.1" 200 220 "-" "PostmanRuntime/7.30.0"

info: ::1 - - [30/Jan/2023:17:45:35 +0000] "GET /api/v1/notes/ HTTP/1.1" 200 186 "-" "PostmanRuntime/7.30.0"

info: ::1 - - [30/Jan/2023:17:46:22 +0000] "GET /api/v1/notes/63d8020396d6f108505f14b9 HTTP/1.1" 200 184 "-" "PostmanRuntime/7.30.0"

info: ::1 - - [30/Jan/2023:17:46:28 +0000] "GET /api/v1/notes/63d8020396d6f108505f14b HTTP/1.1" 500 156 "-" "PostmanRuntime/7.30.0"

info: ::1 - - [30/Jan/2023:17:47:01 +0000] "POST /api/v1/notes/ HTTP/1.1" 200 220 "-" "PostmanRuntime/7.30.0"

info: ::1 - - [30/Jan/2023:17:47:14 +0000] "GET /api/v1/notes/ HTTP/1.1" 200 351 "-" "PostmanRuntime/7.30.0"

info: ::1 - - [30/Jan/2023:17:47:39 +0000] "GET /api/v1/notes/63d8029596d6f108505f14bd HTTP/1.1" 200 184 "-" "PostmanRuntime/7.30.0"

info: ::1 - - [30/Jan/2023:17:48:11 +0000] "PUT /api/v1/notes/63d8029596d6f108505f14bd HTTP/1.1" 200 222 "-" "PostmanRuntime/7.30.0"

info: ::1 - - [30/Jan/2023:17:48:30 +0000] "GET /api/v1/notes/63d8029596d6f108505f14bd HTTP/1.1" 200 185 "-" "PostmanRuntime/7.30.0"

info: ::1 - - [30/Jan/2023:17:48:53 +0000] "GET /api/v1/notes/63d8029596d6f108505f14bd HTTP/1.1" 200 185 "-" "PostmanRuntime/7.30.0"

