info: Server started at http://localhost:3000/api/v1/ {"timestamp":"2023-01-30T03:07:27.732Z"}
info: Connected to the database. {"timestamp":"2023-01-30T03:07:32.567Z"}
info: Server started at http://localhost:3000/api/v1/ {"timestamp":"2023-01-30T10:32:02.055Z"}
info: Connected to the database. {"timestamp":"2023-01-30T10:32:04.476Z"}
info: Server started at http://localhost:3000/api/v1/ {"timestamp":"2023-01-30T10:40:45.414Z"}
info: Connected to the database. {"timestamp":"2023-01-30T10:40:47.863Z"}
info: Connected to the database. {"timestamp":"2023-01-30T10:41:00.259Z"}
info: Server started at http://localhost:3000/api/v1/ {"timestamp":"2023-01-30T10:41:26.921Z"}
info: Connected to the database. {"timestamp":"2023-01-30T10:41:29.402Z"}
info: Connected to the database. {"timestamp":"2023-01-30T10:41:29.880Z"}
info: Server started at http://localhost:3000/api/v1/ {"timestamp":"2023-01-30T10:44:04.832Z"}
info: Connected to the database. {"timestamp":"2023-01-30T10:44:07.478Z"}
info: Connected to the database. {"timestamp":"2023-01-30T10:44:07.737Z"}
info: Server started at http://localhost:3000/api/v1/ {"timestamp":"2023-01-30T10:44:59.099Z"}
info: Connected to the database. {"timestamp":"2023-01-30T10:45:01.305Z"}
info: Connected to the database. {"timestamp":"2023-01-30T10:45:01.912Z"}
info: Server started at http://localhost:3000/api/v1/ {"timestamp":"2023-01-30T10:51:37.219Z"}
info: Connected to the database. {"timestamp":"2023-01-30T10:51:39.432Z"}
info: Connected to the database. {"timestamp":"2023-01-30T10:51:39.621Z"}
info: Server started at http://localhost:3000/api/v1/ {"timestamp":"2023-01-30T10:55:27.371Z"}
info: Connected to the database. {"timestamp":"2023-01-30T10:55:29.773Z"}
info: Connected to the database. {"timestamp":"2023-01-30T10:55:29.835Z"}
info: Server started at http://localhost:3000/api/v1/ {"timestamp":"2023-01-30T10:55:55.241Z"}
info: Connected to the database. {"timestamp":"2023-01-30T10:55:57.660Z"}
info: Server started at http://localhost:3000/api/v1/ {"timestamp":"2023-01-30T10:57:02.697Z"}
info: Connected to the database. {"timestamp":"2023-01-30T10:57:05.371Z"}
info: Connected to the database. {"timestamp":"2023-01-30T10:57:05.497Z"}
info: Server started at http://localhost:3000/api/v1/ {"timestamp":"2023-01-30T10:58:17.756Z"}
info: Connected to the database. {"timestamp":"2023-01-30T10:58:20.423Z"}
info: Connected to the database. {"timestamp":"2023-01-30T10:58:20.783Z"}
info: Server started at http://localhost:3000/api/v1/ {"timestamp":"2023-01-30T10:58:41.019Z"}
info: Connected to the database. {"timestamp":"2023-01-30T10:58:43.293Z"}
info: Connected to the database. {"timestamp":"2023-01-30T10:58:43.484Z"}
info: Server started at http://localhost:3000/api/v1/ {"timestamp":"2023-01-30T11:07:05.150Z"}
info: Connected to the database. {"timestamp":"2023-01-30T11:07:07.855Z"}
info: Connected to the database. {"timestamp":"2023-01-30T11:07:08.996Z"}
info: Server started at http://localhost:3000/api/v1/ {"timestamp":"2023-01-30T11:13:37.258Z"}
info: Connected to the database. {"timestamp":"2023-01-30T11:13:40.900Z"}
info: Server started at http://localhost:3000/api/v1/ {"timestamp":"2023-01-30T11:14:29.237Z"}
info: Connected to the database. {"timestamp":"2023-01-30T11:14:32.004Z"}
info: Server started at http://localhost:3000/api/v1/ {"timestamp":"2023-01-30T11:16:30.822Z"}
info: Connected to the database. {"timestamp":"2023-01-30T11:16:33.703Z"}
info: Connected to the database. {"timestamp":"2023-01-30T11:16:34.655Z"}
info: Server started at http://localhost:3000/api/v1/ {"timestamp":"2023-01-30T11:17:55.468Z"}
info: Connected to the database. {"timestamp":"2023-01-30T11:17:57.905Z"}
info: Connected to the database. {"timestamp":"2023-01-30T11:17:58.235Z"}
info: Server started at http://localhost:3000/api/v1/ {"timestamp":"2023-01-30T11:19:18.388Z"}
info: Connected to the database. {"timestamp":"2023-01-30T11:19:22.274Z"}
info: Connected to the database. {"timestamp":"2023-01-30T11:29:10.057Z"}
info: Server started at http://localhost:3000/api/v1/ {"timestamp":"2023-01-30T11:30:35.808Z"}
info: Connected to the database. {"timestamp":"2023-01-30T11:30:39.830Z"}
info: Server started at http://localhost:3000/api/v1/ {"timestamp":"2023-01-30T11:32:50.544Z"}
info: Connected to the database. {"timestamp":"2023-01-30T11:32:54.090Z"}
info: Connected to the database. {"timestamp":"2023-01-30T11:33:13.942Z"}
info: Connected to the database. {"timestamp":"2023-01-30T11:47:35.014Z"}
info: Connected to the database. {"timestamp":"2023-01-30T11:48:54.311Z"}
info: Connected to the database. {"timestamp":"2023-01-30T11:48:54.667Z"}
info: Connected to the database. {"timestamp":"2023-01-30T11:49:33.503Z"}
info: Server started at http://localhost:3000/api/v1/ {"timestamp":"2023-01-30T15:57:22.335Z"}
info: Connected to the database. {"timestamp":"2023-01-30T15:57:24.688Z"}
info: Server started at http://localhost:3000/api/v1/ {"timestamp":"2023-01-30T16:00:17.597Z"}
info: Connected to the database. {"timestamp":"2023-01-30T16:00:20.045Z"}
info: Server started at http://localhost:3000/api/v1/ {"timestamp":"2023-01-30T16:03:17.597Z"}
info: Server started at http://localhost:3000/api/v1/ {"timestamp":"2023-01-30T16:03:34.320Z"}
info: Connected to the database. {"timestamp":"2023-01-30T16:03:36.591Z"}
info: Server started at http://localhost:3000/api/v1/ {"timestamp":"2023-01-30T16:04:27.747Z"}
info: Connected to the database. {"timestamp":"2023-01-30T16:04:30.115Z"}
info: Server started at http://localhost:3000/api/v1/ {"timestamp":"2023-01-30T16:04:45.188Z"}
info: Server started at http://localhost:3000/api/v1/ {"timestamp":"2023-01-30T16:04:57.355Z"}
info: Connected to the database. {"timestamp":"2023-01-30T16:05:00.094Z"}
info: Server started at http://localhost:3000/api/v1/ {"timestamp":"2023-01-30T16:06:31.968Z"}
info: Connected to the database. {"timestamp":"2023-01-30T16:06:34.292Z"}
info: Server started at http://localhost:3000/api/v1/ {"timestamp":"2023-01-30T16:07:15.959Z"}
info: Connected to the database. {"timestamp":"2023-01-30T16:07:18.513Z"}
info: Server started at http://localhost:3000/api/v1/ {"timestamp":"2023-01-30T16:08:05.614Z"}
info: Connected to the database. {"timestamp":"2023-01-30T16:08:07.870Z"}
info: Server started at http://localhost:3000/api/v1/ {"timestamp":"2023-01-30T16:08:25.951Z"}
info: Connected to the database. {"timestamp":"2023-01-30T16:08:28.318Z"}
info: Server started at http://localhost:3000/api/v1/ {"timestamp":"2023-01-30T16:08:48.122Z"}
info: Connected to the database. {"timestamp":"2023-01-30T16:08:50.541Z"}
info: Server started at http://localhost:3000/api/v1/ {"timestamp":"2023-01-30T16:09:28.422Z"}
info: Connected to the database. {"timestamp":"2023-01-30T16:09:30.776Z"}
info: Server started at http://localhost:3000/api/v1/ {"timestamp":"2023-01-30T16:09:42.851Z"}
info: Connected to the database. {"timestamp":"2023-01-30T16:09:45.168Z"}
info: Server started at http://localhost:3000/api/v1/ {"timestamp":"2023-01-30T16:10:38.430Z"}
info: Connected to the database. {"timestamp":"2023-01-30T16:10:40.714Z"}
info: Server started at http://localhost:3000/api/v1/ {"timestamp":"2023-01-30T16:11:52.287Z"}
info: Server started at http://localhost:3000/api/v1/ {"timestamp":"2023-01-30T16:12:52.578Z"}
info: Server started at http://localhost:3000/api/v1/ {"timestamp":"2023-01-30T16:13:10.078Z"}
info: Server started at http://localhost:3000/api/v1/ {"timestamp":"2023-01-30T16:13:24.164Z"}
info: Connected to the database. {"timestamp":"2023-01-30T16:13:26.391Z"}
info: Server started at http://localhost:3000/api/v1/ {"timestamp":"2023-01-30T16:13:50.376Z"}
info: Connected to the database. {"timestamp":"2023-01-30T16:13:52.590Z"}
info: Server started at http://localhost:3000/api/v1/ {"timestamp":"2023-01-30T16:15:08.123Z"}
info: Connected to the database. {"timestamp":"2023-01-30T16:15:10.430Z"}
info: Server started at http://localhost:3000/api/v1/ {"timestamp":"2023-01-30T16:17:21.131Z"}
info: Connected to the database. {"timestamp":"2023-01-30T16:17:23.289Z"}
info: Server started at http://localhost:3000/api/v1/ {"timestamp":"2023-01-30T16:17:33.560Z"}
info: Connected to the database. {"timestamp":"2023-01-30T16:17:35.863Z"}
info: Server started at http://localhost:3000/api/v1/ {"timestamp":"2023-01-30T16:18:08.581Z"}
info: Connected to the database. {"timestamp":"2023-01-30T16:18:11.249Z"}
info: Server started at http://localhost:3000/api/v1/ {"timestamp":"2023-01-30T16:28:06.892Z"}
info: Connected to the database. {"timestamp":"2023-01-30T16:28:09.170Z"}
info: Server started at http://localhost:3000/api/v1/ {"timestamp":"2023-01-30T16:28:38.207Z"}
info: Connected to the database. {"timestamp":"2023-01-30T16:28:40.579Z"}
info: Server started at http://localhost:3000/api/v1/ {"timestamp":"2023-01-30T16:29:37.338Z"}
info: Connected to the database. {"timestamp":"2023-01-30T16:29:40.265Z"}
info: Server started at http://localhost:3000/api/v1/ {"timestamp":"2023-01-30T16:45:11.199Z"}
info: Connected to the database. {"timestamp":"2023-01-30T16:45:13.515Z"}
info: Server started at http://localhost:3000/api/v1/ {"timestamp":"2023-01-30T17:03:40.483Z"}
info: Connected to the database. {"timestamp":"2023-01-30T17:03:42.810Z"}
info: Server started at http://localhost:3000/api/v1/ {"timestamp":"2023-01-30T17:04:46.906Z"}
info: Connected to the database. {"timestamp":"2023-01-30T17:04:49.496Z"}
info: Server started at http://localhost:3000/api/v1/ {"timestamp":"2023-01-30T17:21:21.418Z"}
info: Connected to the database. {"timestamp":"2023-01-30T17:21:23.768Z"}
info: Server started at http://localhost:3000/api/v1/ {"timestamp":"2023-01-30T17:22:04.397Z"}
info: Connected to the database. {"timestamp":"2023-01-30T17:22:06.703Z"}
info: Server started at http://localhost:3000/api/v1/ {"timestamp":"2023-01-30T17:38:49.887Z"}
info: Connected to the database. {"timestamp":"2023-01-30T17:38:52.491Z"}
error: 
      status - 400
      message - Authorization token is required 
      url - /api/v1/notes 
      method - GET 
      IP - ::1
     {"timestamp":"2023-01-30T17:39:06.482Z"}
error: 
    status - 500 
    message - ValidationError: "fname" is required 
    url - /api/v1/users/register 
    method - POST 
    IP - ::1
   {"timestamp":"2023-01-30T17:40:37.683Z"}
error: 
    status - 500 
    message - ValidationError: "title" length must be at least 4 characters long 
    url - /api/v1/notes/ 
    method - POST 
    IP - ::1
   {"timestamp":"2023-01-30T17:44:21.763Z"}
error: 
    status - 500 
    message - Error: CastError: Cast to ObjectId failed for value "63d8020396d6f108505f14b" (type string) at path "_id" for model "Note"
    at _callee3$ (D:\CFP BATCH\FundoNoteProject\FundoNote\src\services\/note.service.js:26:11)
    at tryCatch (D:\CFP BATCH\FundoNoteProject\FundoNote\node_modules\@babel\runtime\helpers\regeneratorRuntime.js:44:17)
    at Generator.<anonymous> (D:\CFP BATCH\FundoNoteProject\FundoNote\node_modules\@babel\runtime\helpers\regeneratorRuntime.js:125:22)
    at Generator.throw (D:\CFP BATCH\FundoNoteProject\FundoNote\node_modules\@babel\runtime\helpers\regeneratorRuntime.js:69:21)
    at asyncGeneratorStep (D:\CFP BATCH\FundoNoteProject\FundoNote\node_modules\@babel\runtime\helpers\asyncToGenerator.js:3:24)
    at _throw (D:\CFP BATCH\FundoNoteProject\FundoNote\node_modules\@babel\runtime\helpers\asyncToGenerator.js:25:9)
    at processTicksAndRejections (node:internal/process/task_queues:95:5) 
    url - /api/v1/notes/63d8020396d6f108505f14b 
    method - GET 
    IP - ::1
   {"timestamp":"2023-01-30T17:46:28.287Z"}
