info: Server started at http://localhost:4000/api/v1/ {"timestamp":"2023-02-05T19:28:43.498Z"}
info: Connected to the database. {"timestamp":"2023-02-05T19:28:51.278Z"}
info: Server started at http://localhost:4000/api/v1/ {"timestamp":"2023-02-05T19:34:13.605Z"}
info: Connected to the database. {"timestamp":"2023-02-05T19:34:16.390Z"}
error: 
    status - 500 
    message - SyntaxError: Unexpected token } in JSON at position 54
    at JSON.parse (<anonymous>)
    at parse (D:\CFP BATCH\FundoNoteProject\FundoNote\node_modules\body-parser\lib\types\json.js:89:19)
    at D:\CFP BATCH\FundoNoteProject\FundoNote\node_modules\body-parser\lib\read.js:128:18
    at AsyncResource.runInAsyncScope (node:async_hooks:203:9)
    at invokeCallback (D:\CFP BATCH\FundoNoteProject\FundoNote\node_modules\raw-body\index.js:231:16)
    at done (D:\CFP BATCH\FundoNoteProject\FundoNote\node_modules\raw-body\index.js:220:7)
    at IncomingMessage.onEnd (D:\CFP BATCH\FundoNoteProject\FundoNote\node_modules\raw-body\index.js:280:7)
    at IncomingMessage.emit (node:events:513:28)
    at IncomingMessage.emit (node:domain:489:12)
    at endReadableNT (node:internal/streams/readable:1359:12)
    at processTicksAndRejections (node:internal/process/task_queues:82:21) 
    url - /api/v1/users/forgotPassword 
    method - POST 
    IP - ::1
   {"timestamp":"2023-02-05T19:37:21.031Z"}
info: Server started at http://localhost:4000/api/v1/ {"timestamp":"2023-02-05T19:40:14.889Z"}
info: Connected to the database. {"timestamp":"2023-02-05T19:40:17.255Z"}
info: Server started at http://localhost:4000/api/v1/ {"timestamp":"2023-02-05T19:43:22.328Z"}
info: Connected to the database. {"timestamp":"2023-02-05T19:43:27.238Z"}
info: Connected to the database. {"timestamp":"2023-02-05T19:48:35.961Z"}
info: Connected to the database. {"timestamp":"2023-02-05T19:51:12.219Z"}
info: Connected to the database. {"timestamp":"2023-02-05T19:52:47.035Z"}
info: Connected to the database. {"timestamp":"2023-02-05T19:54:16.734Z"}
info: Connected to the database. {"timestamp":"2023-02-05T19:55:12.906Z"}
info: Connected to the database. {"timestamp":"2023-02-05T19:55:50.533Z"}
info: Connected to the database. {"timestamp":"2023-02-05T19:56:55.844Z"}
info: Connected to the database. {"timestamp":"2023-02-05T19:58:02.629Z"}
info: Connected to the database. {"timestamp":"2023-02-05T19:58:34.833Z"}
info: Connected to the database. {"timestamp":"2023-02-05T20:00:01.666Z"}
info: Connected to the database. {"timestamp":"2023-02-05T20:00:24.278Z"}
info: Connected to the database. {"timestamp":"2023-02-06T03:02:33.188Z"}
info: Server started at http://localhost:5000/api/v1/ {"timestamp":"2023-02-06T03:07:10.984Z"}
info: Connected to the database. {"timestamp":"2023-02-06T03:07:13.298Z"}
info: Server started at http://localhost:5000/api/v1/ {"timestamp":"2023-02-06T03:12:04.650Z"}
info: Connected to the database. {"timestamp":"2023-02-06T03:12:07.105Z"}
info: Server started at http://localhost:5000/api/v1/ {"timestamp":"2023-02-06T03:15:08.662Z"}
info: Connected to the database. {"timestamp":"2023-02-06T03:15:11.088Z"}
info: Server started at http://localhost:5000/api/v1/ {"timestamp":"2023-02-06T03:17:29.347Z"}
info: Connected to the database. {"timestamp":"2023-02-06T03:17:32.126Z"}
info: Server started at http://localhost:5000/api/v1/ {"timestamp":"2023-02-06T09:46:43.213Z"}
info: Connected to the database. {"timestamp":"2023-02-06T09:46:45.461Z"}
info: Server started at http://localhost:5000/api/v1/ {"timestamp":"2023-02-06T10:12:26.875Z"}
info: Connected to the database. {"timestamp":"2023-02-06T10:12:30.971Z"}
info: Server started at http://localhost:5000/api/v1/ {"timestamp":"2023-02-06T10:16:25.024Z"}
info: Connected to the database. {"timestamp":"2023-02-06T10:16:27.528Z"}
info: Server started at http://localhost:5000/api/v1/ {"timestamp":"2023-02-06T10:19:40.259Z"}
info: Server started at http://localhost:5000/api/v1/ {"timestamp":"2023-02-06T10:20:00.958Z"}
info: Connected to the database. {"timestamp":"2023-02-06T10:20:03.215Z"}
info: Server started at http://localhost:5000/api/v1/ {"timestamp":"2023-02-06T10:21:30.150Z"}
info: Connected to the database. {"timestamp":"2023-02-06T10:21:32.514Z"}
info: Server started at http://localhost:5000/api/v1/ {"timestamp":"2023-02-06T10:22:23.835Z"}
